[Sep 08 2015 18:07:52] ERROR_HANDLER 
Number:  2
Message: gzinflate(): data error
File:    C:\wamp\www\Alba_Petroleos\wp-includes\class-http.php
Line:    2136
-------------------------------------------- 
[Sep 08 2015 22:28:23] ERROR_HANDLER 
Number:  2
Message: gzinflate(): data error
File:    C:\wamp\www\Alba_Petroleos\wp-includes\class-http.php
Line:    2136
-------------------------------------------- 
[Sep 08 2015 22:28:25] ERROR_HANDLER 
Number:  2
Message: gzinflate(): data error
File:    C:\wamp\www\Alba_Petroleos\wp-includes\class-http.php
Line:    2136
-------------------------------------------- 
[Sep 08 2015 22:28:25] ERROR_HANDLER 
Number:  2
Message: fopen(C:\wamp\www\Alba_Petroleos/wp-content/plugins/wordpress-reset/wordpress-reset.php): failed to open stream: No such file or directory
File:    C:\wamp\www\Alba_Petroleos\wp-includes\functions.php
Line:    4305
-------------------------------------------- 
[Sep 08 2015 22:28:25] ERROR_HANDLER 
Number:  2
Message: fread() expects parameter 1 to be resource, boolean given
File:    C:\wamp\www\Alba_Petroleos\wp-includes\functions.php
Line:    4308
-------------------------------------------- 
[Sep 08 2015 22:28:25] ERROR_HANDLER 
Number:  2
Message: fclose() expects parameter 1 to be resource, boolean given
File:    C:\wamp\www\Alba_Petroleos\wp-includes\functions.php
Line:    4311
-------------------------------------------- 
[Sep 08 2015 22:44:59] ERROR_HANDLER 
Number:  2
Message: gzinflate(): data error
File:    C:\wamp\www\Alba_Petroleos\wp-includes\class-http.php
Line:    2136
-------------------------------------------- 
[Sep 08 2015 22:44:59] ERROR_HANDLER 
Number:  2
Message: fopen(C:\wamp\www\Alba_Petroleos/wp-content/plugins/wordpress-reset/wordpress-reset.php): failed to open stream: No such file or directory
File:    C:\wamp\www\Alba_Petroleos\wp-includes\functions.php
Line:    4305
-------------------------------------------- 
[Sep 08 2015 22:44:59] ERROR_HANDLER 
Number:  2
Message: fread() expects parameter 1 to be resource, boolean given
File:    C:\wamp\www\Alba_Petroleos\wp-includes\functions.php
Line:    4308
-------------------------------------------- 
[Sep 08 2015 22:44:59] ERROR_HANDLER 
Number:  2
Message: fclose() expects parameter 1 to be resource, boolean given
File:    C:\wamp\www\Alba_Petroleos\wp-includes\functions.php
Line:    4311
-------------------------------------------- 
[Sep 08 2015 22:47:05] ERROR_HANDLER 
Number:  2
Message: fopen(C:\wamp\www\Alba_Petroleos/wp-content/plugins/wordpress-reset/wordpress-reset.php): failed to open stream: No such file or directory
File:    C:\wamp\www\Alba_Petroleos\wp-includes\functions.php
Line:    4305
-------------------------------------------- 
[Sep 08 2015 22:47:05] ERROR_HANDLER 
Number:  2
Message: fread() expects parameter 1 to be resource, boolean given
File:    C:\wamp\www\Alba_Petroleos\wp-includes\functions.php
Line:    4308
-------------------------------------------- 
[Sep 08 2015 22:47:05] ERROR_HANDLER 
Number:  2
Message: fclose() expects parameter 1 to be resource, boolean given
File:    C:\wamp\www\Alba_Petroleos\wp-includes\functions.php
Line:    4311
-------------------------------------------- 
[Sep 08 2015 22:54:07] ERROR_HANDLER 
Number:  2
Message: gzinflate(): data error
File:    C:\wamp\www\Alba_Petroleos\wp-includes\class-http.php
Line:    2136
-------------------------------------------- 
[Sep 08 2015 22:54:07] ERROR_HANDLER 
Number:  2
Message: fopen(C:\wamp\www\Alba_Petroleos/wp-content/plugins/wordpress-reset/wordpress-reset.php): failed to open stream: No such file or directory
File:    C:\wamp\www\Alba_Petroleos\wp-includes\functions.php
Line:    4305
-------------------------------------------- 
[Sep 08 2015 22:54:07] ERROR_HANDLER 
Number:  2
Message: fread() expects parameter 1 to be resource, boolean given
File:    C:\wamp\www\Alba_Petroleos\wp-includes\functions.php
Line:    4308
-------------------------------------------- 
[Sep 08 2015 22:54:07] ERROR_HANDLER 
Number:  2
Message: fclose() expects parameter 1 to be resource, boolean given
File:    C:\wamp\www\Alba_Petroleos\wp-includes\functions.php
Line:    4311
-------------------------------------------- 
[Sep 08 2015 23:14:15] ERROR_HANDLER 
Number:  2
Message: fopen(C:\wamp\www\Alba_Petroleos/wp-content/plugins/wordpress-reset/wordpress-reset.php): failed to open stream: No such file or directory
File:    C:\wamp\www\Alba_Petroleos\wp-includes\functions.php
Line:    4305
-------------------------------------------- 
[Sep 08 2015 23:14:15] ERROR_HANDLER 
Number:  2
Message: fread() expects parameter 1 to be resource, boolean given
File:    C:\wamp\www\Alba_Petroleos\wp-includes\functions.php
Line:    4308
-------------------------------------------- 
[Sep 08 2015 23:14:15] ERROR_HANDLER 
Number:  2
Message: fclose() expects parameter 1 to be resource, boolean given
File:    C:\wamp\www\Alba_Petroleos\wp-includes\functions.php
Line:    4311
-------------------------------------------- 
[Sep 08 2015 23:16:14] ERROR_HANDLER 
Number:  2
Message: gzinflate(): data error
File:    C:\wamp\www\Alba_Petroleos\wp-includes\class-http.php
Line:    2136
-------------------------------------------- 
[Sep 08 2015 23:16:15] ERROR_HANDLER 
Number:  2
Message: gzinflate(): data error
File:    C:\wamp\www\Alba_Petroleos\wp-includes\class-http.php
Line:    2136
-------------------------------------------- 
[Sep 08 2015 23:16:15] ERROR_HANDLER 
Number:  2
Message: fopen(C:\wamp\www\Alba_Petroleos/wp-content/plugins/wordpress-reset/wordpress-reset.php): failed to open stream: No such file or directory
File:    C:\wamp\www\Alba_Petroleos\wp-includes\functions.php
Line:    4305
-------------------------------------------- 
[Sep 08 2015 23:16:15] ERROR_HANDLER 
Number:  2
Message: fread() expects parameter 1 to be resource, boolean given
File:    C:\wamp\www\Alba_Petroleos\wp-includes\functions.php
Line:    4308
-------------------------------------------- 
[Sep 08 2015 23:16:15] ERROR_HANDLER 
Number:  2
Message: fclose() expects parameter 1 to be resource, boolean given
File:    C:\wamp\www\Alba_Petroleos\wp-includes\functions.php
Line:    4311
-------------------------------------------- 
[Sep 09 2015 02:28:21] ERROR_HANDLER 
Number:  2
Message: gzinflate(): data error
File:    C:\wamp\www\Alba_Petroleos\wp-includes\class-http.php
Line:    2136
-------------------------------------------- 
[Sep 09 2015 02:29:33] ERROR_HANDLER 
Number:  2
Message: gzinflate(): data error
File:    C:\wamp\www\Alba_Petroleos\wp-includes\class-http.php
Line:    2136
-------------------------------------------- 
[Sep 09 2015 03:18:55] ERROR_HANDLER 
Number:  2
Message: DOMDocument::loadHTML(): htmlParseEntityRef: no name in Entity, line: 1
File:    C:\wamp\www\Alba_Petroleos\wp-content\plugins\fusion-core\admin\page-builder\classes\class-fusion-reversal.php
Line:    1156
-------------------------------------------- 
[Sep 09 2015 03:57:30] ERROR_HANDLER 
Number:  2
Message: DOMDocument::loadHTML(): htmlParseEntityRef: no name in Entity, line: 1
File:    C:\wamp\www\Alba_Petroleos\wp-content\plugins\fusion-core\admin\page-builder\classes\class-fusion-reversal.php
Line:    1156
-------------------------------------------- 
[Sep 09 2015 04:04:21] ERROR_HANDLER 
Number:  2
Message: gzinflate(): data error
File:    C:\wamp\www\Alba_Petroleos\wp-includes\class-http.php
Line:    2136
-------------------------------------------- 
[Sep 09 2015 04:05:26] ERROR_HANDLER 
Number:  2
Message: gzinflate(): data error
File:    C:\wamp\www\Alba_Petroleos\wp-includes\class-http.php
Line:    2136
-------------------------------------------- 
[Sep 09 2015 04:08:48] ERROR_HANDLER 
Number:  2
Message: gzinflate(): data error
File:    C:\wamp\www\Alba_Petroleos\wp-includes\class-http.php
Line:    2136
-------------------------------------------- 
[Sep 09 2015 04:12:00] ERROR_HANDLER 
Number:  2
Message: gzinflate(): data error
File:    C:\wamp\www\Alba_Petroleos\wp-includes\class-http.php
Line:    2136
-------------------------------------------- 
[Sep 09 2015 04:12:02] ERROR_HANDLER 
Number:  2
Message: include(C:\wamp\www\Alba_Petroleos/wp-content/extensions/newsletter/main/languages/en_US.php): failed to open stream: No such file or directory
File:    C:\wamp\www\Alba_Petroleos\wp-content\plugins\newsletter\includes\module.php
Line:    146
-------------------------------------------- 
[Sep 09 2015 04:12:03] ERROR_HANDLER 
Number:  2
Message: include(): Failed opening 'C:\wamp\www\Alba_Petroleos/wp-content/extensions/newsletter/main/languages/en_US.php' for inclusion (include_path='.;C:\php\pear')
File:    C:\wamp\www\Alba_Petroleos\wp-content\plugins\newsletter\includes\module.php
Line:    146
-------------------------------------------- 
[Sep 09 2015 04:12:03] ERROR_HANDLER 
Number:  2
Message: include(C:\wamp\www\Alba_Petroleos/wp-content/plugins/newsletter/main/languages/.php): failed to open stream: No such file or directory
File:    C:\wamp\www\Alba_Petroleos\wp-content\plugins\newsletter\includes\module.php
Line:    147
-------------------------------------------- 
[Sep 09 2015 04:12:03] ERROR_HANDLER 
Number:  2
Message: include(): Failed opening 'C:\wamp\www\Alba_Petroleos/wp-content/plugins/newsletter/main/languages/.php' for inclusion (include_path='.;C:\php\pear')
File:    C:\wamp\www\Alba_Petroleos\wp-content\plugins\newsletter\includes\module.php
Line:    147
-------------------------------------------- 
[Sep 09 2015 04:12:03] ERROR_HANDLER 
Number:  2
Message: include(C:\wamp\www\Alba_Petroleos/wp-content/extensions/newsletter/main/languages/.php): failed to open stream: No such file or directory
File:    C:\wamp\www\Alba_Petroleos\wp-content\plugins\newsletter\includes\module.php
Line:    148
-------------------------------------------- 
[Sep 09 2015 04:12:03] ERROR_HANDLER 
Number:  2
Message: include(): Failed opening 'C:\wamp\www\Alba_Petroleos/wp-content/extensions/newsletter/main/languages/.php' for inclusion (include_path='.;C:\php\pear')
File:    C:\wamp\www\Alba_Petroleos\wp-content\plugins\newsletter\includes\module.php
Line:    148
-------------------------------------------- 
[Sep 09 2015 04:12:14] ERROR_HANDLER 
Number:  2
Message: include(C:\wamp\www\Alba_Petroleos/wp-content/extensions/newsletter/subscription/languages/en_US.php): failed to open stream: No such file or directory
File:    C:\wamp\www\Alba_Petroleos\wp-content\plugins\newsletter\includes\module.php
Line:    146
-------------------------------------------- 
[Sep 09 2015 04:12:14] ERROR_HANDLER 
Number:  2
Message: include(): Failed opening 'C:\wamp\www\Alba_Petroleos/wp-content/extensions/newsletter/subscription/languages/en_US.php' for inclusion (include_path='.;C:\php\pear')
File:    C:\wamp\www\Alba_Petroleos\wp-content\plugins\newsletter\includes\module.php
Line:    146
-------------------------------------------- 
[Sep 09 2015 04:12:14] ERROR_HANDLER 
Number:  2
Message: include(C:\wamp\www\Alba_Petroleos/wp-content/plugins/newsletter/subscription/languages/.php): failed to open stream: No such file or directory
File:    C:\wamp\www\Alba_Petroleos\wp-content\plugins\newsletter\includes\module.php
Line:    147
-------------------------------------------- 
[Sep 09 2015 04:12:14] ERROR_HANDLER 
Number:  2
Message: include(): Failed opening 'C:\wamp\www\Alba_Petroleos/wp-content/plugins/newsletter/subscription/languages/.php' for inclusion (include_path='.;C:\php\pear')
File:    C:\wamp\www\Alba_Petroleos\wp-content\plugins\newsletter\includes\module.php
Line:    147
-------------------------------------------- 
[Sep 09 2015 04:12:14] ERROR_HANDLER 
Number:  2
Message: include(C:\wamp\www\Alba_Petroleos/wp-content/extensions/newsletter/subscription/languages/.php): failed to open stream: No such file or directory
File:    C:\wamp\www\Alba_Petroleos\wp-content\plugins\newsletter\includes\module.php
Line:    148
-------------------------------------------- 
[Sep 09 2015 04:12:14] ERROR_HANDLER 
Number:  2
Message: include(): Failed opening 'C:\wamp\www\Alba_Petroleos/wp-content/extensions/newsletter/subscription/languages/.php' for inclusion (include_path='.;C:\php\pear')
File:    C:\wamp\www\Alba_Petroleos\wp-content\plugins\newsletter\includes\module.php
Line:    148
-------------------------------------------- 
[Sep 09 2015 04:12:14] ERROR_HANDLER 
Number:  2
Message: include(C:\wamp\www\Alba_Petroleos/wp-content/extensions/newsletter/subscription/languages/profile-en_US.php): failed to open stream: No such file or directory
File:    C:\wamp\www\Alba_Petroleos\wp-content\plugins\newsletter\includes\module.php
Line:    146
-------------------------------------------- 
[Sep 09 2015 04:12:14] ERROR_HANDLER 
Number:  2
Message: include(): Failed opening 'C:\wamp\www\Alba_Petroleos/wp-content/extensions/newsletter/subscription/languages/profile-en_US.php' for inclusion (include_path='.;C:\php\pear')
File:    C:\wamp\www\Alba_Petroleos\wp-content\plugins\newsletter\includes\module.php
Line:    146
-------------------------------------------- 
[Sep 09 2015 04:12:14] ERROR_HANDLER 
Number:  2
Message: include(C:\wamp\www\Alba_Petroleos/wp-content/plugins/newsletter/subscription/languages/profile-.php): failed to open stream: No such file or directory
File:    C:\wamp\www\Alba_Petroleos\wp-content\plugins\newsletter\includes\module.php
Line:    147
-------------------------------------------- 
[Sep 09 2015 04:12:14] ERROR_HANDLER 
Number:  2
Message: include(): Failed opening 'C:\wamp\www\Alba_Petroleos/wp-content/plugins/newsletter/subscription/languages/profile-.php' for inclusion (include_path='.;C:\php\pear')
File:    C:\wamp\www\Alba_Petroleos\wp-content\plugins\newsletter\includes\module.php
Line:    147
-------------------------------------------- 
[Sep 09 2015 04:12:14] ERROR_HANDLER 
Number:  2
Message: include(C:\wamp\www\Alba_Petroleos/wp-content/extensions/newsletter/subscription/languages/profile-.php): failed to open stream: No such file or directory
File:    C:\wamp\www\Alba_Petroleos\wp-content\plugins\newsletter\includes\module.php
Line:    148
-------------------------------------------- 
[Sep 09 2015 04:12:14] ERROR_HANDLER 
Number:  2
Message: include(): Failed opening 'C:\wamp\www\Alba_Petroleos/wp-content/extensions/newsletter/subscription/languages/profile-.php' for inclusion (include_path='.;C:\php\pear')
File:    C:\wamp\www\Alba_Petroleos\wp-content\plugins\newsletter\includes\module.php
Line:    148
-------------------------------------------- 
[Sep 09 2015 04:12:14] ERROR_HANDLER 
Number:  2
Message: include(C:\wamp\www\Alba_Petroleos/wp-content/extensions/newsletter/subscription/languages/profile-en_US.php): failed to open stream: No such file or directory
File:    C:\wamp\www\Alba_Petroleos\wp-content\plugins\newsletter\includes\module.php
Line:    146
-------------------------------------------- 
[Sep 09 2015 04:12:14] ERROR_HANDLER 
Number:  2
Message: include(): Failed opening 'C:\wamp\www\Alba_Petroleos/wp-content/extensions/newsletter/subscription/languages/profile-en_US.php' for inclusion (include_path='.;C:\php\pear')
File:    C:\wamp\www\Alba_Petroleos\wp-content\plugins\newsletter\includes\module.php
Line:    146
-------------------------------------------- 
[Sep 09 2015 04:12:15] ERROR_HANDLER 
Number:  2
Message: include(C:\wamp\www\Alba_Petroleos/wp-content/plugins/newsletter/subscription/languages/profile-.php): failed to open stream: No such file or directory
File:    C:\wamp\www\Alba_Petroleos\wp-content\plugins\newsletter\includes\module.php
Line:    147
-------------------------------------------- 
[Sep 09 2015 04:12:15] ERROR_HANDLER 
Number:  2
Message: include(): Failed opening 'C:\wamp\www\Alba_Petroleos/wp-content/plugins/newsletter/subscription/languages/profile-.php' for inclusion (include_path='.;C:\php\pear')
File:    C:\wamp\www\Alba_Petroleos\wp-content\plugins\newsletter\includes\module.php
Line:    147
-------------------------------------------- 
[Sep 09 2015 04:12:15] ERROR_HANDLER 
Number:  2
Message: include(C:\wamp\www\Alba_Petroleos/wp-content/extensions/newsletter/subscription/languages/profile-.php): failed to open stream: No such file or directory
File:    C:\wamp\www\Alba_Petroleos\wp-content\plugins\newsletter\includes\module.php
Line:    148
-------------------------------------------- 
[Sep 09 2015 04:12:15] ERROR_HANDLER 
Number:  2
Message: include(): Failed opening 'C:\wamp\www\Alba_Petroleos/wp-content/extensions/newsletter/subscription/languages/profile-.php' for inclusion (include_path='.;C:\php\pear')
File:    C:\wamp\www\Alba_Petroleos\wp-content\plugins\newsletter\includes\module.php
Line:    148
-------------------------------------------- 
[Sep 09 2015 04:12:15] ERROR_HANDLER 
Number:  2
Message: include(C:\wamp\www\Alba_Petroleos/wp-content/extensions/newsletter/subscription/languages/en_US.php): failed to open stream: No such file or directory
File:    C:\wamp\www\Alba_Petroleos\wp-content\plugins\newsletter\includes\module.php
Line:    146
-------------------------------------------- 
[Sep 09 2015 04:12:15] ERROR_HANDLER 
Number:  2
Message: include(): Failed opening 'C:\wamp\www\Alba_Petroleos/wp-content/extensions/newsletter/subscription/languages/en_US.php' for inclusion (include_path='.;C:\php\pear')
File:    C:\wamp\www\Alba_Petroleos\wp-content\plugins\newsletter\includes\module.php
Line:    146
-------------------------------------------- 
[Sep 09 2015 04:12:15] ERROR_HANDLER 
Number:  2
Message: include(C:\wamp\www\Alba_Petroleos/wp-content/plugins/newsletter/subscription/languages/.php): failed to open stream: No such file or directory
File:    C:\wamp\www\Alba_Petroleos\wp-content\plugins\newsletter\includes\module.php
Line:    147
-------------------------------------------- 
[Sep 09 2015 04:12:15] ERROR_HANDLER 
Number:  2
Message: include(): Failed opening 'C:\wamp\www\Alba_Petroleos/wp-content/plugins/newsletter/subscription/languages/.php' for inclusion (include_path='.;C:\php\pear')
File:    C:\wamp\www\Alba_Petroleos\wp-content\plugins\newsletter\includes\module.php
Line:    147
-------------------------------------------- 
[Sep 09 2015 04:12:15] ERROR_HANDLER 
Number:  2
Message: include(C:\wamp\www\Alba_Petroleos/wp-content/extensions/newsletter/subscription/languages/.php): failed to open stream: No such file or directory
File:    C:\wamp\www\Alba_Petroleos\wp-content\plugins\newsletter\includes\module.php
Line:    148
-------------------------------------------- 
[Sep 09 2015 04:12:15] ERROR_HANDLER 
Number:  2
Message: include(): Failed opening 'C:\wamp\www\Alba_Petroleos/wp-content/extensions/newsletter/subscription/languages/.php' for inclusion (include_path='.;C:\php\pear')
File:    C:\wamp\www\Alba_Petroleos\wp-content\plugins\newsletter\includes\module.php
Line:    148
-------------------------------------------- 
[Sep 09 2015 04:12:15] ERROR_HANDLER 
Number:  2
Message: include(C:\wamp\www\Alba_Petroleos/wp-content/extensions/newsletter/emails/languages/en_US.php): failed to open stream: No such file or directory
File:    C:\wamp\www\Alba_Petroleos\wp-content\plugins\newsletter\includes\module.php
Line:    146
-------------------------------------------- 
[Sep 09 2015 04:12:15] ERROR_HANDLER 
Number:  2
Message: include(): Failed opening 'C:\wamp\www\Alba_Petroleos/wp-content/extensions/newsletter/emails/languages/en_US.php' for inclusion (include_path='.;C:\php\pear')
File:    C:\wamp\www\Alba_Petroleos\wp-content\plugins\newsletter\includes\module.php
Line:    146
-------------------------------------------- 
[Sep 09 2015 04:12:15] ERROR_HANDLER 
Number:  2
Message: include(C:\wamp\www\Alba_Petroleos/wp-content/plugins/newsletter/emails/languages/.php): failed to open stream: No such file or directory
File:    C:\wamp\www\Alba_Petroleos\wp-content\plugins\newsletter\includes\module.php
Line:    147
-------------------------------------------- 
[Sep 09 2015 04:12:15] ERROR_HANDLER 
Number:  2
Message: include(): Failed opening 'C:\wamp\www\Alba_Petroleos/wp-content/plugins/newsletter/emails/languages/.php' for inclusion (include_path='.;C:\php\pear')
File:    C:\wamp\www\Alba_Petroleos\wp-content\plugins\newsletter\includes\module.php
Line:    147
-------------------------------------------- 
[Sep 09 2015 04:12:15] ERROR_HANDLER 
Number:  2
Message: include(C:\wamp\www\Alba_Petroleos/wp-content/extensions/newsletter/emails/languages/.php): failed to open stream: No such file or directory
File:    C:\wamp\www\Alba_Petroleos\wp-content\plugins\newsletter\includes\module.php
Line:    148
-------------------------------------------- 
[Sep 09 2015 04:12:15] ERROR_HANDLER 
Number:  2
Message: include(): Failed opening 'C:\wamp\www\Alba_Petroleos/wp-content/extensions/newsletter/emails/languages/.php' for inclusion (include_path='.;C:\php\pear')
File:    C:\wamp\www\Alba_Petroleos\wp-content\plugins\newsletter\includes\module.php
Line:    148
-------------------------------------------- 
[Sep 09 2015 04:12:16] ERROR_HANDLER 
Number:  2
Message: include(C:\wamp\www\Alba_Petroleos/wp-content/plugins/newsletter/users/languages/en_US.php): failed to open stream: No such file or directory
File:    C:\wamp\www\Alba_Petroleos\wp-content\plugins\newsletter\includes\module.php
Line:    145
-------------------------------------------- 
[Sep 09 2015 04:12:16] ERROR_HANDLER 
Number:  2
Message: include(): Failed opening 'C:\wamp\www\Alba_Petroleos/wp-content/plugins/newsletter/users/languages/en_US.php' for inclusion (include_path='.;C:\php\pear')
File:    C:\wamp\www\Alba_Petroleos\wp-content\plugins\newsletter\includes\module.php
Line:    145
-------------------------------------------- 
[Sep 09 2015 04:12:16] ERROR_HANDLER 
Number:  2
Message: include(C:\wamp\www\Alba_Petroleos/wp-content/extensions/newsletter/users/languages/en_US.php): failed to open stream: No such file or directory
File:    C:\wamp\www\Alba_Petroleos\wp-content\plugins\newsletter\includes\module.php
Line:    146
-------------------------------------------- 
[Sep 09 2015 04:12:16] ERROR_HANDLER 
Number:  2
Message: include(): Failed opening 'C:\wamp\www\Alba_Petroleos/wp-content/extensions/newsletter/users/languages/en_US.php' for inclusion (include_path='.;C:\php\pear')
File:    C:\wamp\www\Alba_Petroleos\wp-content\plugins\newsletter\includes\module.php
Line:    146
-------------------------------------------- 
[Sep 09 2015 04:12:16] ERROR_HANDLER 
Number:  2
Message: include(C:\wamp\www\Alba_Petroleos/wp-content/plugins/newsletter/users/languages/.php): failed to open stream: No such file or directory
File:    C:\wamp\www\Alba_Petroleos\wp-content\plugins\newsletter\includes\module.php
Line:    147
-------------------------------------------- 
[Sep 09 2015 04:12:16] ERROR_HANDLER 
Number:  2
Message: include(): Failed opening 'C:\wamp\www\Alba_Petroleos/wp-content/plugins/newsletter/users/languages/.php' for inclusion (include_path='.;C:\php\pear')
File:    C:\wamp\www\Alba_Petroleos\wp-content\plugins\newsletter\includes\module.php
Line:    147
-------------------------------------------- 
[Sep 09 2015 04:12:16] ERROR_HANDLER 
Number:  2
Message: include(C:\wamp\www\Alba_Petroleos/wp-content/extensions/newsletter/users/languages/.php): failed to open stream: No such file or directory
File:    C:\wamp\www\Alba_Petroleos\wp-content\plugins\newsletter\includes\module.php
Line:    148
-------------------------------------------- 
[Sep 09 2015 04:12:16] ERROR_HANDLER 
Number:  2
Message: include(): Failed opening 'C:\wamp\www\Alba_Petroleos/wp-content/extensions/newsletter/users/languages/.php' for inclusion (include_path='.;C:\php\pear')
File:    C:\wamp\www\Alba_Petroleos\wp-content\plugins\newsletter\includes\module.php
Line:    148
-------------------------------------------- 
[Sep 09 2015 04:13:00] ERROR_HANDLER 
Number:  2
Message: include(C:\wamp\www\Alba_Petroleos/wp-content/plugins/newsletter/statistics/languages/en_US.php): failed to open stream: No such file or directory
File:    C:\wamp\www\Alba_Petroleos\wp-content\plugins\newsletter\includes\module.php
Line:    145
-------------------------------------------- 
[Sep 09 2015 04:13:00] ERROR_HANDLER 
Number:  2
Message: include(): Failed opening 'C:\wamp\www\Alba_Petroleos/wp-content/plugins/newsletter/statistics/languages/en_US.php' for inclusion (include_path='.;C:\php\pear')
File:    C:\wamp\www\Alba_Petroleos\wp-content\plugins\newsletter\includes\module.php
Line:    145
-------------------------------------------- 
[Sep 09 2015 04:13:00] ERROR_HANDLER 
Number:  2
Message: include(C:\wamp\www\Alba_Petroleos/wp-content/extensions/newsletter/statistics/languages/en_US.php): failed to open stream: No such file or directory
File:    C:\wamp\www\Alba_Petroleos\wp-content\plugins\newsletter\includes\module.php
Line:    146
-------------------------------------------- 
[Sep 09 2015 04:13:00] ERROR_HANDLER 
Number:  2
Message: include(): Failed opening 'C:\wamp\www\Alba_Petroleos/wp-content/extensions/newsletter/statistics/languages/en_US.php' for inclusion (include_path='.;C:\php\pear')
File:    C:\wamp\www\Alba_Petroleos\wp-content\plugins\newsletter\includes\module.php
Line:    146
-------------------------------------------- 
[Sep 09 2015 04:13:00] ERROR_HANDLER 
Number:  2
Message: include(C:\wamp\www\Alba_Petroleos/wp-content/plugins/newsletter/statistics/languages/.php): failed to open stream: No such file or directory
File:    C:\wamp\www\Alba_Petroleos\wp-content\plugins\newsletter\includes\module.php
Line:    147
-------------------------------------------- 
[Sep 09 2015 04:13:00] ERROR_HANDLER 
Number:  2
Message: include(): Failed opening 'C:\wamp\www\Alba_Petroleos/wp-content/plugins/newsletter/statistics/languages/.php' for inclusion (include_path='.;C:\php\pear')
File:    C:\wamp\www\Alba_Petroleos\wp-content\plugins\newsletter\includes\module.php
Line:    147
-------------------------------------------- 
[Sep 09 2015 04:13:00] ERROR_HANDLER 
Number:  2
Message: include(C:\wamp\www\Alba_Petroleos/wp-content/extensions/newsletter/statistics/languages/.php): failed to open stream: No such file or directory
File:    C:\wamp\www\Alba_Petroleos\wp-content\plugins\newsletter\includes\module.php
Line:    148
-------------------------------------------- 
[Sep 09 2015 04:13:00] ERROR_HANDLER 
Number:  2
Message: include(): Failed opening 'C:\wamp\www\Alba_Petroleos/wp-content/extensions/newsletter/statistics/languages/.php' for inclusion (include_path='.;C:\php\pear')
File:    C:\wamp\www\Alba_Petroleos\wp-content\plugins\newsletter\includes\module.php
Line:    148
-------------------------------------------- 
[Sep 09 2015 04:13:07] ERROR_HANDLER 
Number:  2
Message: include(C:\wamp\www\Alba_Petroleos/wp-content/plugins/newsletter/feed/languages/en_US.php): failed to open stream: No such file or directory
File:    C:\wamp\www\Alba_Petroleos\wp-content\plugins\newsletter\includes\module.php
Line:    145
-------------------------------------------- 
[Sep 09 2015 04:13:07] ERROR_HANDLER 
Number:  2
Message: include(): Failed opening 'C:\wamp\www\Alba_Petroleos/wp-content/plugins/newsletter/feed/languages/en_US.php' for inclusion (include_path='.;C:\php\pear')
File:    C:\wamp\www\Alba_Petroleos\wp-content\plugins\newsletter\includes\module.php
Line:    145
-------------------------------------------- 
[Sep 09 2015 04:13:07] ERROR_HANDLER 
Number:  2
Message: include(C:\wamp\www\Alba_Petroleos/wp-content/extensions/newsletter/feed/languages/en_US.php): failed to open stream: No such file or directory
File:    C:\wamp\www\Alba_Petroleos\wp-content\plugins\newsletter\includes\module.php
Line:    146
-------------------------------------------- 
[Sep 09 2015 04:13:07] ERROR_HANDLER 
Number:  2
Message: include(): Failed opening 'C:\wamp\www\Alba_Petroleos/wp-content/extensions/newsletter/feed/languages/en_US.php' for inclusion (include_path='.;C:\php\pear')
File:    C:\wamp\www\Alba_Petroleos\wp-content\plugins\newsletter\includes\module.php
Line:    146
-------------------------------------------- 
[Sep 09 2015 04:13:07] ERROR_HANDLER 
Number:  2
Message: include(C:\wamp\www\Alba_Petroleos/wp-content/plugins/newsletter/feed/languages/.php): failed to open stream: No such file or directory
File:    C:\wamp\www\Alba_Petroleos\wp-content\plugins\newsletter\includes\module.php
Line:    147
-------------------------------------------- 
[Sep 09 2015 04:13:07] ERROR_HANDLER 
Number:  2
Message: include(): Failed opening 'C:\wamp\www\Alba_Petroleos/wp-content/plugins/newsletter/feed/languages/.php' for inclusion (include_path='.;C:\php\pear')
File:    C:\wamp\www\Alba_Petroleos\wp-content\plugins\newsletter\includes\module.php
Line:    147
-------------------------------------------- 
[Sep 09 2015 04:13:07] ERROR_HANDLER 
Number:  2
Message: include(C:\wamp\www\Alba_Petroleos/wp-content/extensions/newsletter/feed/languages/.php): failed to open stream: No such file or directory
File:    C:\wamp\www\Alba_Petroleos\wp-content\plugins\newsletter\includes\module.php
Line:    148
-------------------------------------------- 
[Sep 09 2015 04:13:07] ERROR_HANDLER 
Number:  2
Message: include(): Failed opening 'C:\wamp\www\Alba_Petroleos/wp-content/extensions/newsletter/feed/languages/.php' for inclusion (include_path='.;C:\php\pear')
File:    C:\wamp\www\Alba_Petroleos\wp-content\plugins\newsletter\includes\module.php
Line:    148
-------------------------------------------- 
[Sep 09 2015 04:13:07] ERROR_HANDLER 
Number:  2
Message: include(C:\wamp\www\Alba_Petroleos/wp-content/extensions/newsletter/main/languages/en_US.php): failed to open stream: No such file or directory
File:    C:\wamp\www\Alba_Petroleos\wp-content\plugins\newsletter\includes\module.php
Line:    146
-------------------------------------------- 
[Sep 09 2015 04:13:07] ERROR_HANDLER 
Number:  2
Message: include(): Failed opening 'C:\wamp\www\Alba_Petroleos/wp-content/extensions/newsletter/main/languages/en_US.php' for inclusion (include_path='.;C:\php\pear')
File:    C:\wamp\www\Alba_Petroleos\wp-content\plugins\newsletter\includes\module.php
Line:    146
-------------------------------------------- 
[Sep 09 2015 04:13:07] ERROR_HANDLER 
Number:  2
Message: include(C:\wamp\www\Alba_Petroleos/wp-content/plugins/newsletter/main/languages/.php): failed to open stream: No such file or directory
File:    C:\wamp\www\Alba_Petroleos\wp-content\plugins\newsletter\includes\module.php
Line:    147
-------------------------------------------- 
[Sep 09 2015 04:13:07] ERROR_HANDLER 
Number:  2
Message: include(): Failed opening 'C:\wamp\www\Alba_Petroleos/wp-content/plugins/newsletter/main/languages/.php' for inclusion (include_path='.;C:\php\pear')
File:    C:\wamp\www\Alba_Petroleos\wp-content\plugins\newsletter\includes\module.php
Line:    147
-------------------------------------------- 
[Sep 09 2015 04:13:07] ERROR_HANDLER 
Number:  2
Message: include(C:\wamp\www\Alba_Petroleos/wp-content/extensions/newsletter/main/languages/.php): failed to open stream: No such file or directory
File:    C:\wamp\www\Alba_Petroleos\wp-content\plugins\newsletter\includes\module.php
Line:    148
-------------------------------------------- 
[Sep 09 2015 04:13:07] ERROR_HANDLER 
Number:  2
Message: include(): Failed opening 'C:\wamp\www\Alba_Petroleos/wp-content/extensions/newsletter/main/languages/.php' for inclusion (include_path='.;C:\php\pear')
File:    C:\wamp\www\Alba_Petroleos\wp-content\plugins\newsletter\includes\module.php
Line:    148
-------------------------------------------- 
[Sep 09 2015 04:13:09] ERROR_HANDLER 
Number:  2
Message: include(C:\wamp\www\Alba_Petroleos/wp-content/plugins/newsletter/users/languages/en_US.php): failed to open stream: No such file or directory
File:    C:\wamp\www\Alba_Petroleos\wp-content\plugins\newsletter\includes\module.php
Line:    145
-------------------------------------------- 
[Sep 09 2015 04:13:09] ERROR_HANDLER 
Number:  2
Message: include(): Failed opening 'C:\wamp\www\Alba_Petroleos/wp-content/plugins/newsletter/users/languages/en_US.php' for inclusion (include_path='.;C:\php\pear')
File:    C:\wamp\www\Alba_Petroleos\wp-content\plugins\newsletter\includes\module.php
Line:    145
-------------------------------------------- 
[Sep 09 2015 04:13:09] ERROR_HANDLER 
Number:  2
Message: include(C:\wamp\www\Alba_Petroleos/wp-content/extensions/newsletter/users/languages/en_US.php): failed to open stream: No such file or directory
File:    C:\wamp\www\Alba_Petroleos\wp-content\plugins\newsletter\includes\module.php
Line:    146
-------------------------------------------- 
[Sep 09 2015 04:13:09] ERROR_HANDLER 
Number:  2
Message: include(): Failed opening 'C:\wamp\www\Alba_Petroleos/wp-content/extensions/newsletter/users/languages/en_US.php' for inclusion (include_path='.;C:\php\pear')
File:    C:\wamp\www\Alba_Petroleos\wp-content\plugins\newsletter\includes\module.php
Line:    146
-------------------------------------------- 
[Sep 09 2015 04:13:09] ERROR_HANDLER 
Number:  2
Message: include(C:\wamp\www\Alba_Petroleos/wp-content/plugins/newsletter/users/languages/.php): failed to open stream: No such file or directory
File:    C:\wamp\www\Alba_Petroleos\wp-content\plugins\newsletter\includes\module.php
Line:    147
-------------------------------------------- 
[Sep 09 2015 04:13:09] ERROR_HANDLER 
Number:  2
Message: include(): Failed opening 'C:\wamp\www\Alba_Petroleos/wp-content/plugins/newsletter/users/languages/.php' for inclusion (include_path='.;C:\php\pear')
File:    C:\wamp\www\Alba_Petroleos\wp-content\plugins\newsletter\includes\module.php
Line:    147
-------------------------------------------- 
[Sep 09 2015 04:13:09] ERROR_HANDLER 
Number:  2
Message: include(C:\wamp\www\Alba_Petroleos/wp-content/extensions/newsletter/users/languages/.php): failed to open stream: No such file or directory
File:    C:\wamp\www\Alba_Petroleos\wp-content\plugins\newsletter\includes\module.php
Line:    148
-------------------------------------------- 
[Sep 09 2015 04:13:09] ERROR_HANDLER 
Number:  2
Message: include(): Failed opening 'C:\wamp\www\Alba_Petroleos/wp-content/extensions/newsletter/users/languages/.php' for inclusion (include_path='.;C:\php\pear')
File:    C:\wamp\www\Alba_Petroleos\wp-content\plugins\newsletter\includes\module.php
Line:    148
-------------------------------------------- 
[Sep 09 2015 04:13:09] ERROR_HANDLER 
Number:  2
Message: include(C:\wamp\www\Alba_Petroleos/wp-content/extensions/newsletter/emails/languages/en_US.php): failed to open stream: No such file or directory
File:    C:\wamp\www\Alba_Petroleos\wp-content\plugins\newsletter\includes\module.php
Line:    146
-------------------------------------------- 
[Sep 09 2015 04:13:09] ERROR_HANDLER 
Number:  2
Message: include(): Failed opening 'C:\wamp\www\Alba_Petroleos/wp-content/extensions/newsletter/emails/languages/en_US.php' for inclusion (include_path='.;C:\php\pear')
File:    C:\wamp\www\Alba_Petroleos\wp-content\plugins\newsletter\includes\module.php
Line:    146
-------------------------------------------- 
[Sep 09 2015 04:13:10] ERROR_HANDLER 
Number:  2
Message: include(C:\wamp\www\Alba_Petroleos/wp-content/plugins/newsletter/emails/languages/.php): failed to open stream: No such file or directory
File:    C:\wamp\www\Alba_Petroleos\wp-content\plugins\newsletter\includes\module.php
Line:    147
-------------------------------------------- 
[Sep 09 2015 04:13:10] ERROR_HANDLER 
Number:  2
Message: include(): Failed opening 'C:\wamp\www\Alba_Petroleos/wp-content/plugins/newsletter/emails/languages/.php' for inclusion (include_path='.;C:\php\pear')
File:    C:\wamp\www\Alba_Petroleos\wp-content\plugins\newsletter\includes\module.php
Line:    147
-------------------------------------------- 
[Sep 09 2015 04:13:10] ERROR_HANDLER 
Number:  2
Message: include(C:\wamp\www\Alba_Petroleos/wp-content/extensions/newsletter/emails/languages/.php): failed to open stream: No such file or directory
File:    C:\wamp\www\Alba_Petroleos\wp-content\plugins\newsletter\includes\module.php
Line:    148
-------------------------------------------- 
[Sep 09 2015 04:13:10] ERROR_HANDLER 
Number:  2
Message: include(): Failed opening 'C:\wamp\www\Alba_Petroleos/wp-content/extensions/newsletter/emails/languages/.php' for inclusion (include_path='.;C:\php\pear')
File:    C:\wamp\www\Alba_Petroleos\wp-content\plugins\newsletter\includes\module.php
Line:    148
-------------------------------------------- 
[Sep 09 2015 04:13:10] ERROR_HANDLER 
Number:  2
Message: include(C:\wamp\www\Alba_Petroleos/wp-content/extensions/newsletter/subscription/languages/en_US.php): failed to open stream: No such file or directory
File:    C:\wamp\www\Alba_Petroleos\wp-content\plugins\newsletter\includes\module.php
Line:    146
-------------------------------------------- 
[Sep 09 2015 04:13:10] ERROR_HANDLER 
Number:  2
Message: include(): Failed opening 'C:\wamp\www\Alba_Petroleos/wp-content/extensions/newsletter/subscription/languages/en_US.php' for inclusion (include_path='.;C:\php\pear')
File:    C:\wamp\www\Alba_Petroleos\wp-content\plugins\newsletter\includes\module.php
Line:    146
-------------------------------------------- 
[Sep 09 2015 04:13:10] ERROR_HANDLER 
Number:  2
Message: include(C:\wamp\www\Alba_Petroleos/wp-content/plugins/newsletter/subscription/languages/.php): failed to open stream: No such file or directory
File:    C:\wamp\www\Alba_Petroleos\wp-content\plugins\newsletter\includes\module.php
Line:    147
-------------------------------------------- 
[Sep 09 2015 04:13:10] ERROR_HANDLER 
Number:  2
Message: include(): Failed opening 'C:\wamp\www\Alba_Petroleos/wp-content/plugins/newsletter/subscription/languages/.php' for inclusion (include_path='.;C:\php\pear')
File:    C:\wamp\www\Alba_Petroleos\wp-content\plugins\newsletter\includes\module.php
Line:    147
-------------------------------------------- 
[Sep 09 2015 04:13:10] ERROR_HANDLER 
Number:  2
Message: include(C:\wamp\www\Alba_Petroleos/wp-content/extensions/newsletter/subscription/languages/.php): failed to open stream: No such file or directory
File:    C:\wamp\www\Alba_Petroleos\wp-content\plugins\newsletter\includes\module.php
Line:    148
-------------------------------------------- 
[Sep 09 2015 04:13:10] ERROR_HANDLER 
Number:  2
Message: include(): Failed opening 'C:\wamp\www\Alba_Petroleos/wp-content/extensions/newsletter/subscription/languages/.php' for inclusion (include_path='.;C:\php\pear')
File:    C:\wamp\www\Alba_Petroleos\wp-content\plugins\newsletter\includes\module.php
Line:    148
-------------------------------------------- 
[Sep 09 2015 04:13:10] ERROR_HANDLER 
Number:  2
Message: include(C:\wamp\www\Alba_Petroleos/wp-content/extensions/newsletter/subscription/languages/profile-en_US.php): failed to open stream: No such file or directory
File:    C:\wamp\www\Alba_Petroleos\wp-content\plugins\newsletter\includes\module.php
Line:    146
-------------------------------------------- 
[Sep 09 2015 04:13:10] ERROR_HANDLER 
Number:  2
Message: include(): Failed opening 'C:\wamp\www\Alba_Petroleos/wp-content/extensions/newsletter/subscription/languages/profile-en_US.php' for inclusion (include_path='.;C:\php\pear')
File:    C:\wamp\www\Alba_Petroleos\wp-content\plugins\newsletter\includes\module.php
Line:    146
-------------------------------------------- 
[Sep 09 2015 04:13:10] ERROR_HANDLER 
Number:  2
Message: include(C:\wamp\www\Alba_Petroleos/wp-content/plugins/newsletter/subscription/languages/profile-.php): failed to open stream: No such file or directory
File:    C:\wamp\www\Alba_Petroleos\wp-content\plugins\newsletter\includes\module.php
Line:    147
-------------------------------------------- 
[Sep 09 2015 04:13:10] ERROR_HANDLER 
Number:  2
Message: include(): Failed opening 'C:\wamp\www\Alba_Petroleos/wp-content/plugins/newsletter/subscription/languages/profile-.php' for inclusion (include_path='.;C:\php\pear')
File:    C:\wamp\www\Alba_Petroleos\wp-content\plugins\newsletter\includes\module.php
Line:    147
-------------------------------------------- 
[Sep 09 2015 04:13:10] ERROR_HANDLER 
Number:  2
Message: include(C:\wamp\www\Alba_Petroleos/wp-content/extensions/newsletter/subscription/languages/profile-.php): failed to open stream: No such file or directory
File:    C:\wamp\www\Alba_Petroleos\wp-content\plugins\newsletter\includes\module.php
Line:    148
-------------------------------------------- 
[Sep 09 2015 04:13:10] ERROR_HANDLER 
Number:  2
Message: include(): Failed opening 'C:\wamp\www\Alba_Petroleos/wp-content/extensions/newsletter/subscription/languages/profile-.php' for inclusion (include_path='.;C:\php\pear')
File:    C:\wamp\www\Alba_Petroleos\wp-content\plugins\newsletter\includes\module.php
Line:    148
-------------------------------------------- 
[Sep 09 2015 04:13:10] ERROR_HANDLER 
Number:  2
Message: include(C:\wamp\www\Alba_Petroleos/wp-content/extensions/newsletter/subscription/languages/en_US.php): failed to open stream: No such file or directory
File:    C:\wamp\www\Alba_Petroleos\wp-content\plugins\newsletter\includes\module.php
Line:    146
-------------------------------------------- 
[Sep 09 2015 04:13:10] ERROR_HANDLER 
Number:  2
Message: include(): Failed opening 'C:\wamp\www\Alba_Petroleos/wp-content/extensions/newsletter/subscription/languages/en_US.php' for inclusion (include_path='.;C:\php\pear')
File:    C:\wamp\www\Alba_Petroleos\wp-content\plugins\newsletter\includes\module.php
Line:    146
-------------------------------------------- 
[Sep 09 2015 04:13:10] ERROR_HANDLER 
Number:  2
Message: include(C:\wamp\www\Alba_Petroleos/wp-content/plugins/newsletter/subscription/languages/.php): failed to open stream: No such file or directory
File:    C:\wamp\www\Alba_Petroleos\wp-content\plugins\newsletter\includes\module.php
Line:    147
-------------------------------------------- 
[Sep 09 2015 04:13:10] ERROR_HANDLER 
Number:  2
Message: include(): Failed opening 'C:\wamp\www\Alba_Petroleos/wp-content/plugins/newsletter/subscription/languages/.php' for inclusion (include_path='.;C:\php\pear')
File:    C:\wamp\www\Alba_Petroleos\wp-content\plugins\newsletter\includes\module.php
Line:    147
-------------------------------------------- 
[Sep 09 2015 04:13:10] ERROR_HANDLER 
Number:  2
Message: include(C:\wamp\www\Alba_Petroleos/wp-content/extensions/newsletter/subscription/languages/.php): failed to open stream: No such file or directory
File:    C:\wamp\www\Alba_Petroleos\wp-content\plugins\newsletter\includes\module.php
Line:    148
-------------------------------------------- 
[Sep 09 2015 04:13:10] ERROR_HANDLER 
Number:  2
Message: include(): Failed opening 'C:\wamp\www\Alba_Petroleos/wp-content/extensions/newsletter/subscription/languages/.php' for inclusion (include_path='.;C:\php\pear')
File:    C:\wamp\www\Alba_Petroleos\wp-content\plugins\newsletter\includes\module.php
Line:    148
-------------------------------------------- 
[Sep 09 2015 04:13:10] ERROR_HANDLER 
Number:  2
Message: include(C:\wamp\www\Alba_Petroleos/wp-content/plugins/newsletter/statistics/languages/en_US.php): failed to open stream: No such file or directory
File:    C:\wamp\www\Alba_Petroleos\wp-content\plugins\newsletter\includes\module.php
Line:    145
-------------------------------------------- 
[Sep 09 2015 04:13:10] ERROR_HANDLER 
Number:  2
Message: include(): Failed opening 'C:\wamp\www\Alba_Petroleos/wp-content/plugins/newsletter/statistics/languages/en_US.php' for inclusion (include_path='.;C:\php\pear')
File:    C:\wamp\www\Alba_Petroleos\wp-content\plugins\newsletter\includes\module.php
Line:    145
-------------------------------------------- 
[Sep 09 2015 04:13:10] ERROR_HANDLER 
Number:  2
Message: include(C:\wamp\www\Alba_Petroleos/wp-content/extensions/newsletter/statistics/languages/en_US.php): failed to open stream: No such file or directory
File:    C:\wamp\www\Alba_Petroleos\wp-content\plugins\newsletter\includes\module.php
Line:    146
-------------------------------------------- 
[Sep 09 2015 04:13:10] ERROR_HANDLER 
Number:  2
Message: include(): Failed opening 'C:\wamp\www\Alba_Petroleos/wp-content/extensions/newsletter/statistics/languages/en_US.php' for inclusion (include_path='.;C:\php\pear')
File:    C:\wamp\www\Alba_Petroleos\wp-content\plugins\newsletter\includes\module.php
Line:    146
-------------------------------------------- 
[Sep 09 2015 04:13:10] ERROR_HANDLER 
Number:  2
Message: include(C:\wamp\www\Alba_Petroleos/wp-content/plugins/newsletter/statistics/languages/.php): failed to open stream: No such file or directory
File:    C:\wamp\www\Alba_Petroleos\wp-content\plugins\newsletter\includes\module.php
Line:    147
-------------------------------------------- 
[Sep 09 2015 04:13:10] ERROR_HANDLER 
Number:  2
Message: include(): Failed opening 'C:\wamp\www\Alba_Petroleos/wp-content/plugins/newsletter/statistics/languages/.php' for inclusion (include_path='.;C:\php\pear')
File:    C:\wamp\www\Alba_Petroleos\wp-content\plugins\newsletter\includes\module.php
Line:    147
-------------------------------------------- 
[Sep 09 2015 04:13:10] ERROR_HANDLER 
Number:  2
Message: include(C:\wamp\www\Alba_Petroleos/wp-content/extensions/newsletter/statistics/languages/.php): failed to open stream: No such file or directory
File:    C:\wamp\www\Alba_Petroleos\wp-content\plugins\newsletter\includes\module.php
Line:    148
-------------------------------------------- 
[Sep 09 2015 04:13:10] ERROR_HANDLER 
Number:  2
Message: include(): Failed opening 'C:\wamp\www\Alba_Petroleos/wp-content/extensions/newsletter/statistics/languages/.php' for inclusion (include_path='.;C:\php\pear')
File:    C:\wamp\www\Alba_Petroleos\wp-content\plugins\newsletter\includes\module.php
Line:    148
-------------------------------------------- 
[Sep 09 2015 04:46:36] ERROR_HANDLER 
Number:  2
Message: gzinflate(): data error
File:    C:\wamp\www\Alba_Petroleos\wp-includes\class-http.php
Line:    2136
-------------------------------------------- 
[Sep 09 2015 04:47:59] ERROR_HANDLER 
Number:  2
Message: gzinflate(): data error
File:    C:\wamp\www\Alba_Petroleos\wp-includes\class-http.php
Line:    2136
-------------------------------------------- 
[Sep 09 2015 04:49:15] ERROR_HANDLER 
Number:  2
Message: gzinflate(): data error
File:    C:\wamp\www\Alba_Petroleos\wp-includes\class-http.php
Line:    2136
-------------------------------------------- 
[Sep 09 2015 12:25:16] ERROR_HANDLER 
Number:  2
Message: gzinflate(): data error
File:    C:\wamp\www\Alba_Petroleos\wp-includes\class-http.php
Line:    2136
-------------------------------------------- 
[Sep 09 2015 17:19:47] ERROR_HANDLER 
Number:  2
Message: DOMDocument::loadHTML(): htmlParseEntityRef: no name in Entity, line: 1
File:    C:\wamp\www\Alba_Petroleos\wp-content\plugins\fusion-core\admin\page-builder\classes\class-fusion-reversal.php
Line:    1156
-------------------------------------------- 
[Sep 09 2015 17:21:04] ERROR_HANDLER 
Number:  2
Message: DOMDocument::loadHTML(): htmlParseEntityRef: no name in Entity, line: 1
File:    C:\wamp\www\Alba_Petroleos\wp-content\plugins\fusion-core\admin\page-builder\classes\class-fusion-reversal.php
Line:    1156
-------------------------------------------- 
[Sep 09 2015 19:04:06] ERROR_HANDLER 
Number:  2
Message: gzinflate(): data error
File:    C:\wamp\www\Alba_Petroleos\wp-includes\class-http.php
Line:    2136
-------------------------------------------- 
[Sep 09 2015 23:44:57] ERROR_HANDLER 
Number:  2
Message: DOMDocument::loadHTML(): htmlParseEntityRef: no name in Entity, line: 1
File:    C:\wamp\www\Alba_Petroleos\wp-content\plugins\fusion-core\admin\page-builder\classes\class-fusion-reversal.php
Line:    1156
-------------------------------------------- 
